<?xml version="1.0" encoding="UTF-8"?>
<!-- Generated by org.testng.reporters.JUnitReportReporter -->
<testsuite hostname="CHAITANYA" name="com.Annotation2" tests="3" failures="0" timestamp="4 Nov 2018 11:21:22 GMT" time="0.000" errors="0">
  <testcase name="method2" time="0.000" classname="com.Annotation2"/>
  <testcase name="method3" time="0.000" classname="com.Annotation2"/>
  <testcase name="method1" time="0.000" classname="com.Annotation2"/>
</testsuite> <!-- com.Annotation2 -->
